<?xml version="1.0" encoding="UTF-8"?>
<coverage generated="1728004455576" clover="3.2.0">
  <project timestamp="1728004455577" name="All files">
    <metrics statements="6" coveredstatements="6" conditionals="7" coveredconditionals="7" methods="3" coveredmethods="3" elements="16" coveredelements="16" complexity="0" loc="6" ncloc="6" packages="1" files="1" classes="1"/>
    <file name="ToDoList.ts" path="C:\Users\luiza\OneDrive\Área de Trabalho\C214-L1-AULAS\src\ToDoList.ts">
      <metrics statements="6" coveredstatements="6" conditionals="7" coveredconditionals="7" methods="3" coveredmethods="3"/>
      <line num="10" count="1" type="stmt"/>
      <line num="11" count="2" type="stmt"/>
      <line num="14" count="2" type="cond" truecount="1" falsecount="0"/>
      <line num="22" count="1" type="stmt"/>
      <line num="24" count="1" type="stmt"/>
      <line num="28" count="2" type="stmt"/>
    </file>
  </project>
</coverage>
