{"C:\\Users\\luiza\\OneDrive\\Área de Trabalho\\C214-L1-AULAS\\src\\ToDoList.ts": {"path":"C:\\Users\\luiza\\OneDrive\\Área de Trabalho\\C214-L1-AULAS\\src\\ToDoList.ts","statementMap":{"0":{"start":{"line":11,"column":10},"end":{"line":11,"column":29}},"1":{"start":{"line":14,"column":4},"end":{"line":23,"column":5}},"2":{"start":{"line":22,"column":6},"end":{"line":22,"column":38}},"3":{"start":{"line":24,"column":4},"end":{"line":24,"column":26}},"4":{"start":{"line":28,"column":4},"end":{"line":28,"column":22}},"5":{"start":{"line":10,"column":0},"end":{"line":10,"column":13}}},"fnMap":{"0":{"name":"(anonymous_0)","decl":{"start":{"line":10,"column":0},"end":{"line":10,"column":13}},"loc":{"start":{"line":10,"column":0},"end":{"line":30,"column":1}}},"1":{"name":"(anonymous_1)","decl":{"start":{"line":13,"column":2},"end":{"line":13,"column":5}},"loc":{"start":{"line":13,"column":16},"end":{"line":25,"column":3}}},"2":{"name":"(anonymous_2)","decl":{"start":{"line":27,"column":2},"end":{"line":27,"column":10}},"loc":{"start":{"line":27,"column":10},"end":{"line":29,"column":3}}}},"branchMap":{"0":{"loc":{"start":{"line":14,"column":4},"end":{"line":23,"column":5}},"type":"if","locations":[{"start":{"line":14,"column":4},"end":{"line":23,"column":5}}]},"1":{"loc":{"start":{"line":15,"column":6},"end":{"line":20,"column":20}},"type":"binary-expr","locations":[{"start":{"line":15,"column":6},"end":{"line":15,"column":11}},{"start":{"line":16,"column":6},"end":{"line":16,"column":17}},{"start":{"line":17,"column":6},"end":{"line":17,"column":23}},{"start":{"line":18,"column":6},"end":{"line":18,"column":22}},{"start":{"line":19,"column":6},"end":{"line":19,"column":16}},{"start":{"line":20,"column":6},"end":{"line":20,"column":20}}]}},"s":{"0":2,"1":2,"2":1,"3":1,"4":2,"5":1},"f":{"0":2,"1":2,"2":2},"b":{"0":[1],"1":[2,2,1,1,1,1]}}
}
